<?xml version="1.0" encoding="UTF-8"?>
<!-- Generated by org.testng.reporters.JUnitReportReporter -->
<testsuite hostname="Admin-PC" failures="0" tests="1" name="com.practice_project.scripts.VerifyRegisterPage" time="7.500" errors="0" timestamp="2022-09-23T17:02:22 IST" skipped="0">
  <testcase classname="com.practice_project.scripts.VerifyRegisterPage" name="verifyRegisterPage" time="7.500"/>
  <system-out/>
</testsuite> <!-- com.practice_project.scripts.VerifyRegisterPage -->
